# These commits have resulted in bad data,
# so should be ignored when building the database.

# These ones in particular have bad data
# due to the first run after building a new Docker image
# ignoring the image metadata because 'no metadata' was being retrieved from the cache
# (fixed by 3b88a7cb2bb3f83b00a385c9ffdcbcc1d287d54a).
6d62135068dee1bb9197a255b8ce31a3f0564fa1
9e62855d1b639ef5770274345fbe33564d10ff3a
6f0cd736a24f8d2eba847cf6961ab2ef9caf294e
82f2883870c09595c1812b6cbabab7517303f5ad
025052b974df2618da66ea5b4691d4eae8fef4ef
2bf68b3c19f85399068d67c35cd9cabb16714055
5357ff1c23c85390a6b8d28658e3af1745e2fe45
084fe39de5a4ab699647c96724e5a2f5ce7412f5
d78f7087be654a1873cccffc588ad3f46aafb67d
47fe19f27fed2ae11b7c604bbee98fdf9d5fce29
1bf09d56e206fb150e22a21f311bf245dcf9a43a
8a096939fd8f0ad950b4f8dc0d2b2008c004193a
980eca5c80bf313682ee9905d05850e518d06714
af3bcaf865dfde48598c68abcb0139f8395ce423
3b59d6db3dc291509cc8a86357a5a93b40108003
c7c6e12f85ea709d1de8aa0b39fe74b7193e4c8c
07aa09e2293865d96c1fc929650a44dbd8cb540e
f288afab3b3aa9eef79f0be51847b69565cd5619
64e5379b245882eb84da7d909a21af098b994eab
4f7d8cdc0ad8b8f40020781f9c4688eb46efa0de
857559eac081c3d5a1b4c3b1007cd167935d5fea
12ad555b9a12db61f73630a8bbcdcf3a789e52a9
ba9b4ae8f52628442301e1fcfc1a3b2d5fe7af99
efad08355337222f92f6a30ef4c344764204a025
4b8b07204ada4ee028af67c0edd023a8dd3f2593
0a7238cf8b4e09d463cbf72179f0cd78018e16e9
1f4e6d8796e929359d34d9ba291aab2f5d79c105
fc63ee9e85522367719ce2f6380f4f814bba27dd
2671698bb284c1b9cbfe0eebf06b962e0ef4d80c
df4103c85b0f8bbdbb11c0d21985a9f686bd260d
b7c53a4118aa4cdd08247f397b3fb13d88b10f12
8e544a8f8385ae8cb179a8440bc0175f3d3f5c57
0d187173d04e67fef5e9178ee761786df04905f0
6aa07bc74e353de13679cf9afd8f92bd99c4dc58
86428c4f36717791e616454ef2d5fd47a3ac8c18
76e35aa87c615b19c4850c1199cbc3fd58881182
9fbef0487db860ca7794a7147c47a729dac2f4d0
ccb8faa92bfbf04439893e767ee73ef738d2c7ca
a3705c033d198112b52e80b3978086a78d68e723
faebbb152f4b3a092a672368dcc54b529d1ffa8c
62433ea242497014c1dcf4777608b494ed4b4c4f
295b8566c1edb4e176d1a90dc18ff0a4a08714e5
9b9184b2d81ee4b0ae72d81111512a97fb2e25a0
eaeec5b646b38047c8ecfbfa25f2580e03ae3540
c88f61365ab8b045688232689e6a7452b463ba3e
980820be6fee07cdd98ee0f12f978f9b943fd868
